============================= test session starts ==============================
platform linux -- Python 3.14.5, pytest-9.0.3, pluggy-1.6.0 -- /home/Dom1ng0s/dev/REA-CLP/nexos_rea_backend/venv/bin/python3
cachedir: .pytest_cache
rootdir: /home/Dom1ng0s/dev/REA-CLP/nexos_rea_backend
plugins: flask-1.3.0
collecting ... collected 25 items

tests/test_auth.py::test_register_success PASSED                         [  4%]
tests/test_auth.py::test_register_duplicate_email PASSED                 [  8%]
tests/test_auth.py::test_register_missing_name PASSED                    [ 12%]
tests/test_auth.py::test_register_invalid_email PASSED                   [ 16%]
tests/test_auth.py::test_register_short_password PASSED                  [ 20%]
tests/test_auth.py::test_login_success PASSED                            [ 24%]
tests/test_auth.py::test_login_wrong_password PASSED                     [ 28%]
tests/test_auth.py::test_login_unknown_email PASSED                      [ 32%]
tests/test_auth.py::test_login_missing_fields PASSED                     [ 36%]
tests/test_auth.py::test_me_authenticated PASSED                         [ 40%]
tests/test_auth.py::test_me_without_token PASSED                         [ 44%]
tests/test_auth.py::test_me_invalid_token PASSED                         [ 48%]
tests/test_reas.py::test_list_reas_empty PASSED                          [ 52%]
tests/test_reas.py::test_list_reas_with_results PASSED                   [ 56%]
tests/test_reas.py::test_search_by_title PASSED                          [ 60%]
tests/test_reas.py::test_search_no_results PASSED                        [ 64%]
tests/test_reas.py::test_pagination PASSED                               [ 68%]
tests/test_reas.py::test_get_rea_by_id PASSED                            [ 72%]
tests/test_reas.py::test_get_rea_not_found PASSED                        [ 76%]
tests/test_reas.py::test_get_rea_invalid_id PASSED                       [ 80%]
tests/test_reas.py::test_submit_rea_success PASSED                       [ 84%]
tests/test_reas.py::test_submit_rea_without_token PASSED                 [ 88%]
tests/test_reas.py::test_submit_rea_missing_title PASSED                 [ 92%]
tests/test_reas.py::test_submit_rea_invalid_type PASSED                  [ 96%]
tests/test_reas.py::test_submit_rea_duplicate_url PASSED                 [100%]

=============================== warnings summary ===============================
tests/test_auth.py: 2 warnings
tests/test_reas.py: 8 warnings
  /home/Dom1ng0s/dev/REA-CLP/nexos_rea_backend/venv/lib64/python3.14/site-packages/jwt/api_jwt.py:147: InsecureKeyLengthWarning: The HMAC key is 26 bytes long, which is below the minimum recommended length of 32 bytes for SHA256. See RFC 7518 Section 3.2.
    return self._jws.encode(

tests/test_auth.py::test_me_authenticated
tests/test_reas.py::test_list_reas_with_results
tests/test_reas.py::test_search_by_title
tests/test_reas.py::test_pagination
tests/test_reas.py::test_get_rea_by_id
tests/test_reas.py::test_submit_rea_success
tests/test_reas.py::test_submit_rea_missing_title
tests/test_reas.py::test_submit_rea_invalid_type
tests/test_reas.py::test_submit_rea_duplicate_url
  /home/Dom1ng0s/dev/REA-CLP/nexos_rea_backend/venv/lib64/python3.14/site-packages/jwt/api_jwt.py:365: InsecureKeyLengthWarning: The HMAC key is 26 bytes long, which is below the minimum recommended length of 32 bytes for SHA256. See RFC 7518 Section 3.2.
    decoded = self.decode_complete(

-- Docs: https://docs.pytest.org/en/stable/how-to/capture-warnings.html
!!!!!!!!!!!!!!!!!!!!!!!!!!!!!! KeyboardInterrupt !!!!!!!!!!!!!!!!!!!!!!!!!!!!!!!
/home/Dom1ng0s/dev/REA-CLP/nexos_rea_backend/venv/lib64/python3.14/site-packages/psycopg/cursor.py:117: KeyboardInterrupt
(to show a full traceback on KeyboardInterrupt use --full-trace)
================== 25 passed, 19 warnings in 67.01s (0:01:07) ==================
